# JRE version: Java(TM) SE Runtime Environment (8.0_191-b12) (build 1.8.0_191-b12)
# Java VM: Java HotSpot(TM) Client VM (25.191-b12 mixed mode windows-x86 )
Heap:
 def new generation   total 39424K, used 29106K [0x05800000, 0x082c0000, 0x102a0000)
  eden space 35072K,  79% used [0x05800000, 0x0731f510, 0x07a40000)
  from space 4352K,  30% used [0x07a40000, 0x07b8d5f8, 0x07e80000)
  to   space 4352K,   0% used [0x07e80000, 0x07e80000, 0x082c0000)
 tenured generation   total 87424K, used 68549K [0x102a0000, 0x15800000, 0x25800000)
   the space 87424K,  78% used [0x102a0000, 0x14591670, 0x14591800, 0x15800000)
 Metaspace       used 24971K, capacity 25807K, committed 25856K, reserved 25984K
GC Heap History (10 events):
Event: 69.760 GC heap before
{Heap before GC invocations=13 (full 1):
 def new generation   total 39424K, used 37099K [0x05800000, 0x082c0000, 0x102a0000)
  eden space 35072K, 100% used [0x05800000, 0x07a40000, 0x07a40000)
  from space 4352K,  46% used [0x07e80000, 0x0807adb0, 0x082c0000)
  to   space 4352K,   0% used [0x07a40000, 0x07a40000, 0x07e80000)
 tenured generation   total 87424K, used 40501K [0x102a0000, 0x15800000, 0x25800000)
   the space 87424K,  46% used [0x102a0000, 0x12a2d530, 0x12a2d600, 0x15800000)
 Metaspace       used 17339K, capacity 17896K, committed 17920K, reserved 18816K
Event: 69.825 GC heap after
Heap after GC invocations=14 (full 1):
 def new generation   total 39424K, used 4352K [0x05800000, 0x082c0000, 0x102a0000)
  eden space 35072K,   0% used [0x05800000, 0x05800000, 0x07a40000)
  from space 4352K, 100% used [0x07a40000, 0x07e80000, 0x07e80000)
  to   space 4352K,   0% used [0x07e80000, 0x07e80000, 0x082c0000)
 tenured generation   total 87424K, used 41734K [0x102a0000, 0x15800000, 0x25800000)
   the space 87424K,  47% used [0x102a0000, 0x12b61818, 0x12b61a00, 0x15800000)
 Metaspace       used 17339K, capacity 17896K, committed 17920K, reserved 18816K
}
Event: 86.010 GC heap before
{Heap before GC invocations=14 (full 1):
 def new generation   total 39424K, used 39424K [0x05800000, 0x082c0000, 0x102a0000)
  eden space 35072K, 100% used [0x05800000, 0x07a40000, 0x07a40000)
  from space 4352K, 100% used [0x07a40000, 0x07e80000, 0x07e80000)
  to   space 4352K,   0% used [0x07e80000, 0x07e80000, 0x082c0000)
 tenured generation   total 87424K, used 41734K [0x102a0000, 0x15800000, 0x25800000)
   the space 87424K,  47% used [0x102a0000, 0x12b61818, 0x12b61a00, 0x15800000)
 Metaspace       used 19262K, capacity 19817K, committed 19840K, reserved 19840K
Event: 86.103 GC heap after
Heap after GC invocations=15 (full 1):
 def new generation   total 39424K, used 4152K [0x05800000, 0x082c0000, 0x102a0000)
  eden space 35072K,   0% used [0x05800000, 0x05800000, 0x07a40000)
  from space 4352K,  95% used [0x07e80000, 0x0828e010, 0x082c0000)
  to   space 4352K,   0% used [0x07a40000, 0x07a40000, 0x07e80000)
 tenured generation   total 87424K, used 45999K [0x102a0000, 0x15800000, 0x25800000)
   the space 87424K,  52% used [0x102a0000, 0x12f8be98, 0x12f8c000, 0x15800000)
 Metaspace       used 19262K, capacity 19817K, committed 19840K, reserved 19840K
}
Event: 87.288 GC heap before
{Heap before GC invocations=15 (full 1):
 def new generation   total 39424K, used 9361K [0x05800000, 0x082c0000, 0x102a0000)
  eden space 35072K,  14% used [0x05800000, 0x05d16698, 0x07a40000)
  from space 4352K,  95% used [0x07e80000, 0x0828e010, 0x082c0000)
  to   space 4352K,   0% used [0x07a40000, 0x07a40000, 0x07e80000)
 tenured generation   total 87424K, used 45999K [0x102a0000, 0x15800000, 0x25800000)
   the space 87424K,  52% used [0x102a0000, 0x12f8be98, 0x12f8c000, 0x15800000)
 Metaspace       used 19866K, capacity 20435K, committed 20480K, reserved 20864K
Event: 87.698 GC heap after
Heap after GC invocations=16 (full 2):
 def new generation   total 39424K, used 0K [0x05800000, 0x082c0000, 0x102a0000)
  eden space 35072K,   0% used [0x05800000, 0x05800000, 0x07a40000)
  from space 4352K,   0% used [0x07e80000, 0x07e80000, 0x082c0000)
  to   space 4352K,   0% used [0x07a40000, 0x07a40000, 0x07e80000)
 tenured generation   total 87424K, used 46501K [0x102a0000, 0x15800000, 0x25800000)
   the space 87424K,  53% used [0x102a0000, 0x13009628, 0x13009800, 0x15800000)
 Metaspace       used 19866K, capacity 20435K, committed 20480K, reserved 20864K
}
Event: 93.044 GC heap before
{Heap before GC invocations=16 (full 2):
 def new generation   total 39424K, used 35071K [0x05800000, 0x082c0000, 0x102a0000)
  eden space 35072K,  99% used [0x05800000, 0x07a3fd98, 0x07a40000)
  from space 4352K,   0% used [0x07e80000, 0x07e80000, 0x082c0000)
  to   space 4352K,   0% used [0x07a40000, 0x07a40000, 0x07e80000)
 tenured generation   total 87424K, used 46501K [0x102a0000, 0x15800000, 0x25800000)
   the space 87424K,  53% used [0x102a0000, 0x13009628, 0x13009800, 0x15800000)
 Metaspace       used 22285K, capacity 23030K, committed 23040K, reserved 23936K
Event: 93.117 GC heap after
Heap after GC invocations=17 (full 2):
 def new generation   total 39424K, used 4352K [0x05800000, 0x082c0000, 0x102a0000)
  eden space 35072K,   0% used [0x05800000, 0x05800000, 0x07a40000)
  from space 4352K, 100% used [0x07a40000, 0x07e80000, 0x07e80000)
  to   space 4352K,   0% used [0x07e80000, 0x07e80000, 0x082c0000)
 tenured generation   total 87424K, used 53655K [0x102a0000, 0x15800000, 0x25800000)
   the space 87424K,  61% used [0x102a0000, 0x13705d78, 0x13705e00, 0x15800000)
 Metaspace       used 22285K, capacity 23030K, committed 23040K, reserved 23936K
}
Event: 150.484 GC heap before
{Heap before GC invocations=17 (full 2):
 def new generation   total 39424K, used 39424K [0x05800000, 0x082c0000, 0x102a0000)
  eden space 35072K, 100% used [0x05800000, 0x07a40000, 0x07a40000)
  from space 4352K, 100% used [0x07a40000, 0x07e80000, 0x07e80000)
  to   space 4352K,   0% used [0x07e80000, 0x07e80000, 0x082c0000)
 tenured generation   total 87424K, used 53655K [0x102a0000, 0x15800000, 0x25800000)
   the space 87424K,  61% used [0x102a0000, 0x13705d78, 0x13705e00, 0x15800000)
 Metaspace       used 24107K, capacity 24858K, committed 24960K, reserved 24960K
Event: 150.549 GC heap after
Heap after GC invocations=18 (full 2):
 def new generation   total 39424K, used 4028K [0x05800000, 0x082c0000, 0x102a0000)
  eden space 35072K,   0% used [0x05800000, 0x05800000, 0x07a40000)
  from space 4352K,  92% used [0x07e80000, 0x0826f3c8, 0x082c0000)
  to   space 4352K,   0% used [0x07a40000, 0x07a40000, 0x07e80000)
 tenured generation   total 87424K, used 57853K [0x102a0000, 0x15800000, 0x25800000)
   the space 87424K,  66% used [0x102a0000, 0x13b1f788, 0x13b1f800, 0x15800000)
 Metaspace       used 24107K, capacity 24858K, committed 24960K, reserved 24960K
}

