# JRE version: Java(TM) SE Runtime Environment (8.0_191-b12) (build 1.8.0_191-b12)
# Java VM: Java HotSpot(TM) Client VM (25.191-b12 mixed mode windows-x86 )
Heap:
 def new generation   total 42368K, used 13616K [0x05a00000, 0x087f0000, 0x104a0000)
  eden space 37696K,  33% used [0x05a00000, 0x0665cfa0, 0x07ed0000)
  from space 4672K,  20% used [0x07ed0000, 0x07fbf068, 0x08360000)
  to   space 4672K,   0% used [0x08360000, 0x08360000, 0x087f0000)
 tenured generation   total 93912K, used 83544K [0x104a0000, 0x16056000, 0x25a00000)
   the space 93912K,  88% used [0x104a0000, 0x15636148, 0x15636200, 0x16056000)
 Metaspace       used 25574K, capacity 26431K, committed 26496K, reserved 27008K
GC Heap History (10 events):
Event: 144501.172 GC heap before
{Heap before GC invocations=103 (full 3):
 def new generation   total 42368K, used 38351K [0x05a00000, 0x087f0000, 0x104a0000)
  eden space 37696K, 100% used [0x05a00000, 0x07ed0000, 0x07ed0000)
  from space 4672K,  14% used [0x08360000, 0x08403c90, 0x087f0000)
  to   space 4672K,   0% used [0x07ed0000, 0x07ed0000, 0x08360000)
 tenured generation   total 93912K, used 83544K [0x104a0000, 0x16056000, 0x25a00000)
   the space 93912K,  88% used [0x104a0000, 0x15636148, 0x15636200, 0x16056000)
 Metaspace       used 25483K, capacity 26333K, committed 26368K, reserved 27008K
Event: 144501.184 GC heap after
Heap after GC invocations=104 (full 3):
 def new generation   total 42368K, used 739K [0x05a00000, 0x087f0000, 0x104a0000)
  eden space 37696K,   0% used [0x05a00000, 0x05a00000, 0x07ed0000)
  from space 4672K,  15% used [0x07ed0000, 0x07f88d50, 0x08360000)
  to   space 4672K,   0% used [0x08360000, 0x08360000, 0x087f0000)
 tenured generation   total 93912K, used 83544K [0x104a0000, 0x16056000, 0x25a00000)
   the space 93912K,  88% used [0x104a0000, 0x15636148, 0x15636200, 0x16056000)
 Metaspace       used 25483K, capacity 26333K, committed 26368K, reserved 27008K
}
Event: 145094.483 GC heap before
{Heap before GC invocations=104 (full 3):
 def new generation   total 42368K, used 38435K [0x05a00000, 0x087f0000, 0x104a0000)
  eden space 37696K, 100% used [0x05a00000, 0x07ed0000, 0x07ed0000)
  from space 4672K,  15% used [0x07ed0000, 0x07f88d50, 0x08360000)
  to   space 4672K,   0% used [0x08360000, 0x08360000, 0x087f0000)
 tenured generation   total 93912K, used 83544K [0x104a0000, 0x16056000, 0x25a00000)
   the space 93912K,  88% used [0x104a0000, 0x15636148, 0x15636200, 0x16056000)
 Metaspace       used 25483K, capacity 26333K, committed 26368K, reserved 27008K
Event: 145094.491 GC heap after
Heap after GC invocations=105 (full 3):
 def new generation   total 42368K, used 868K [0x05a00000, 0x087f0000, 0x104a0000)
  eden space 37696K,   0% used [0x05a00000, 0x05a00000, 0x07ed0000)
  from space 4672K,  18% used [0x08360000, 0x08439338, 0x087f0000)
  to   space 4672K,   0% used [0x07ed0000, 0x07ed0000, 0x08360000)
 tenured generation   total 93912K, used 83544K [0x104a0000, 0x16056000, 0x25a00000)
   the space 93912K,  88% used [0x104a0000, 0x15636148, 0x15636200, 0x16056000)
 Metaspace       used 25483K, capacity 26333K, committed 26368K, reserved 27008K
}
Event: 145557.102 GC heap before
{Heap before GC invocations=105 (full 3):
 def new generation   total 42368K, used 38564K [0x05a00000, 0x087f0000, 0x104a0000)
  eden space 37696K, 100% used [0x05a00000, 0x07ed0000, 0x07ed0000)
  from space 4672K,  18% used [0x08360000, 0x08439338, 0x087f0000)
  to   space 4672K,   0% used [0x07ed0000, 0x07ed0000, 0x08360000)
 tenured generation   total 93912K, used 83544K [0x104a0000, 0x16056000, 0x25a00000)
   the space 93912K,  88% used [0x104a0000, 0x15636148, 0x15636200, 0x16056000)
 Metaspace       used 25508K, capacity 26367K, committed 26496K, reserved 27008K
Event: 145557.111 GC heap after
Heap after GC invocations=106 (full 3):
 def new generation   total 42368K, used 960K [0x05a00000, 0x087f0000, 0x104a0000)
  eden space 37696K,   0% used [0x05a00000, 0x05a00000, 0x07ed0000)
  from space 4672K,  20% used [0x07ed0000, 0x07fc0018, 0x08360000)
  to   space 4672K,   0% used [0x08360000, 0x08360000, 0x087f0000)
 tenured generation   total 93912K, used 83544K [0x104a0000, 0x16056000, 0x25a00000)
   the space 93912K,  88% used [0x104a0000, 0x15636148, 0x15636200, 0x16056000)
 Metaspace       used 25508K, capacity 26367K, committed 26496K, reserved 27008K
}
Event: 145871.266 GC heap before
{Heap before GC invocations=106 (full 3):
 def new generation   total 42368K, used 38656K [0x05a00000, 0x087f0000, 0x104a0000)
  eden space 37696K, 100% used [0x05a00000, 0x07ed0000, 0x07ed0000)
  from space 4672K,  20% used [0x07ed0000, 0x07fc0018, 0x08360000)
  to   space 4672K,   0% used [0x08360000, 0x08360000, 0x087f0000)
 tenured generation   total 93912K, used 83544K [0x104a0000, 0x16056000, 0x25a00000)
   the space 93912K,  88% used [0x104a0000, 0x15636148, 0x15636200, 0x16056000)
 Metaspace       used 25511K, capacity 26367K, committed 26496K, reserved 27008K
Event: 145871.274 GC heap after
Heap after GC invocations=107 (full 3):
 def new generation   total 42368K, used 1075K [0x05a00000, 0x087f0000, 0x104a0000)
  eden space 37696K,   0% used [0x05a00000, 0x05a00000, 0x07ed0000)
  from space 4672K,  23% used [0x08360000, 0x0846cce8, 0x087f0000)
  to   space 4672K,   0% used [0x07ed0000, 0x07ed0000, 0x08360000)
 tenured generation   total 93912K, used 83544K [0x104a0000, 0x16056000, 0x25a00000)
   the space 93912K,  88% used [0x104a0000, 0x15636148, 0x15636200, 0x16056000)
 Metaspace       used 25511K, capacity 26367K, committed 26496K, reserved 27008K
}
Event: 146240.037 GC heap before
{Heap before GC invocations=107 (full 3):
 def new generation   total 42368K, used 38771K [0x05a00000, 0x087f0000, 0x104a0000)
  eden space 37696K, 100% used [0x05a00000, 0x07ed0000, 0x07ed0000)
  from space 4672K,  23% used [0x08360000, 0x0846cce8, 0x087f0000)
  to   space 4672K,   0% used [0x07ed0000, 0x07ed0000, 0x08360000)
 tenured generation   total 93912K, used 83544K [0x104a0000, 0x16056000, 0x25a00000)
   the space 93912K,  88% used [0x104a0000, 0x15636148, 0x15636200, 0x16056000)
 Metaspace       used 25511K, capacity 26367K, committed 26496K, reserved 27008K
Event: 146240.050 GC heap after
Heap after GC invocations=108 (full 3):
 def new generation   total 42368K, used 956K [0x05a00000, 0x087f0000, 0x104a0000)
  eden space 37696K,   0% used [0x05a00000, 0x05a00000, 0x07ed0000)
  from space 4672K,  20% used [0x07ed0000, 0x07fbf068, 0x08360000)
  to   space 4672K,   0% used [0x08360000, 0x08360000, 0x087f0000)
 tenured generation   total 93912K, used 83544K [0x104a0000, 0x16056000, 0x25a00000)
   the space 93912K,  88% used [0x104a0000, 0x15636148, 0x15636200, 0x16056000)
 Metaspace       used 25511K, capacity 26367K, committed 26496K, reserved 27008K
}

